[0.009s] Invoking command in '/workspace/build/cpp_pubsub': CMAKE_PREFIX_PATH=/opt/ros/humble PROMPT=%F{yellow}[ros2-custom]%f %F{green}%n%f:%F{blue}%~%f$ /usr/bin/cmake --build /workspace/build/cpp_pubsub -- -j24 -l24
[0.023s] -- Found ament_cmake: 1.3.10 (/opt/ros/humble/share/ament_cmake/cmake)
[0.104s] -- Override CMake install command with custom implementation using symlinks instead of copying resources
[0.108s] -- Found rclcpp: 16.0.10 (/opt/ros/humble/share/rclcpp/cmake)
[0.121s] -- Found rosidl_generator_c: 3.1.5 (/opt/ros/humble/share/rosidl_generator_c/cmake)
[0.122s] -- Found rosidl_adapter: 3.1.5 (/opt/ros/humble/share/rosidl_adapter/cmake)
[0.125s] -- Found rosidl_generator_cpp: 3.1.5 (/opt/ros/humble/share/rosidl_generator_cpp/cmake)
[0.130s] -- Using all available rosidl_typesupport_c: rosidl_typesupport_fastrtps_c;rosidl_typesupport_introspection_c
[0.136s] -- Using all available rosidl_typesupport_cpp: rosidl_typesupport_fastrtps_cpp;rosidl_typesupport_introspection_cpp
[0.152s] -- Found rmw_implementation_cmake: 6.1.2 (/opt/ros/humble/share/rmw_implementation_cmake/cmake)
[0.152s] -- Found rmw_fastrtps_cpp: 6.2.7 (/opt/ros/humble/share/rmw_fastrtps_cpp/cmake)
[0.228s] -- Using RMW implementation 'rmw_fastrtps_cpp' as default
[0.264s] -- Found ament_lint_auto: 0.12.11 (/opt/ros/humble/share/ament_lint_auto/cmake)
[0.300s] -- Added test 'cppcheck' to perform static code analysis on C / C++ code
[0.300s] -- Configured cppcheck include dirs: 
[0.300s] -- Configured cppcheck exclude dirs and/or files: 
[0.300s] -- Added test 'lint_cmake' to check CMake code style
[0.300s] -- Added test 'uncrustify' to check C / C++ code style
[0.300s] -- Configured uncrustify additional arguments: 
[0.300s] -- Added test 'xmllint' to check XML markup files
[0.301s] -- Configuring done
[0.305s] -- Generating done
[0.306s] -- Build files have been written to: /workspace/build/cpp_pubsub
[0.329s] [ 50%] [32mBuilding CXX object CMakeFiles/main.dir/src/main.cpp.o[0m
[1.530s] [100%] [32m[1mLinking CXX executable main[0m
[1.582s] /usr/bin/ld: CMakeFiles/main.dir/src/main.cpp.o: in function `main':
[1.582s] main.cpp:(.text+0x9): undefined reference to `start_ros2_publisher()'
[1.584s] collect2: error: ld returned 1 exit status
[1.585s] gmake[2]: *** [CMakeFiles/main.dir/build.make:159: main] Error 1
[1.585s] gmake[1]: *** [CMakeFiles/Makefile2:137: CMakeFiles/main.dir/all] Error 2
[1.585s] gmake: *** [Makefile:146: all] Error 2
[1.588s] Invoked command in '/workspace/build/cpp_pubsub' returned '2': CMAKE_PREFIX_PATH=/opt/ros/humble PROMPT=%F{yellow}[ros2-custom]%f %F{green}%n%f:%F{blue}%~%f$ /usr/bin/cmake --build /workspace/build/cpp_pubsub -- -j24 -l24
