-- The C compiler identification is GNU 11.4.0
-- The CXX compiler identification is GNU 11.4.0
-- Detecting C compiler ABI info
-- Detecting C compiler ABI info - done
-- Check for working C compiler: /usr/bin/gcc - skipped
-- Detecting C compile features
-- Detecting C compile features - done
-- Detecting CXX compiler ABI info
-- Detecting CXX compiler ABI info - done
-- Check for working CXX compiler: /usr/bin/g++ - skipped
-- Detecting CXX compile features
-- Detecting CXX compile features - done
-- Found ament_cmake: 1.3.10 (/opt/ros/humble/share/ament_cmake/cmake)
-- Found Python3: /usr/bin/python3 (found version "3.10.12") found components: Interpreter 
-- Override CMake install command with custom implementation using symlinks instead of copying resources
-- Found ament_lint_auto: 0.12.11 (/opt/ros/humble/share/ament_lint_auto/cmake)
-- Added test 'cppcheck' to perform static code analysis on C / C++ code
-- Configured cppcheck include dirs: 
-- Configured cppcheck exclude dirs and/or files: 
-- Added test 'lint_cmake' to check CMake code style
-- Added test 'uncrustify' to check C / C++ code style
-- Configured uncrustify additional arguments: 
-- Added test 'xmllint' to check XML markup files
-- Configuring done
-- Generating done
-- Build files have been written to: /workspace/build/cpp_pubsub
-- Install configuration: ""
-- Execute custom install script
-- Symlinking: /workspace/install/cpp_pubsub/share/ament_index/resource_index/package_run_dependencies/cpp_pubsub
-- Symlinking: /workspace/install/cpp_pubsub/share/ament_index/resource_index/parent_prefix_path/cpp_pubsub
-- Symlinking: /workspace/install/cpp_pubsub/share/cpp_pubsub/environment/ament_prefix_path.sh
-- Symlinking: /workspace/install/cpp_pubsub/share/cpp_pubsub/environment/ament_prefix_path.dsv
-- Symlinking: /workspace/install/cpp_pubsub/share/cpp_pubsub/environment/path.sh
-- Symlinking: /workspace/install/cpp_pubsub/share/cpp_pubsub/environment/path.dsv
-- Symlinking: /workspace/install/cpp_pubsub/share/cpp_pubsub/local_setup.bash
-- Symlinking: /workspace/install/cpp_pubsub/share/cpp_pubsub/local_setup.sh
-- Symlinking: /workspace/install/cpp_pubsub/share/cpp_pubsub/local_setup.zsh
-- Symlinking: /workspace/install/cpp_pubsub/share/cpp_pubsub/local_setup.dsv
-- Symlinking: /workspace/install/cpp_pubsub/share/cpp_pubsub/package.dsv
-- Symlinking: /workspace/install/cpp_pubsub/share/ament_index/resource_index/packages/cpp_pubsub
-- Symlinking: /workspace/install/cpp_pubsub/share/cpp_pubsub/cmake/cpp_pubsubConfig.cmake
-- Symlinking: /workspace/install/cpp_pubsub/share/cpp_pubsub/cmake/cpp_pubsubConfig-version.cmake
-- Symlinking: /workspace/install/cpp_pubsub/share/cpp_pubsub/package.xml
