[0.006s] Invoking command in '/workspace/build/cpp_pubsub': CMAKE_PREFIX_PATH=/opt/ros/humble PROMPT=%F{yellow}[ros2-custom]%f %F{green}%n%f:%F{blue}%~%f$ /usr/bin/cmake /workspace/src/cpp_pubsub -DAMENT_CMAKE_SYMLINK_INSTALL=1 -DCMAKE_INSTALL_PREFIX=/workspace/install/cpp_pubsub
[0.042s] -- The C compiler identification is GNU 11.4.0
[0.083s] -- The CXX compiler identification is GNU 11.4.0
[0.093s] -- Detecting C compiler ABI info
[0.199s] -- Detecting C compiler ABI info - done
[0.207s] -- Check for working C compiler: /usr/bin/gcc - skipped
[0.207s] -- Detecting C compile features
[0.207s] -- Detecting C compile features - done
[0.209s] -- Detecting CXX compiler ABI info
[0.284s] -- Detecting CXX compiler ABI info - done
[0.289s] -- Check for working CXX compiler: /usr/bin/g++ - skipped
[0.289s] -- Detecting CXX compile features
[0.289s] -- Detecting CXX compile features - done
[0.291s] -- Found ament_cmake: 1.3.10 (/opt/ros/humble/share/ament_cmake/cmake)
[0.417s] -- Found Python3: /usr/bin/python3 (found version "3.10.12") found components: Interpreter 
[0.454s] -- Override CMake install command with custom implementation using symlinks instead of copying resources
[0.470s] -- Found ament_lint_auto: 0.12.11 (/opt/ros/humble/share/ament_lint_auto/cmake)
[0.529s] -- Added test 'cppcheck' to perform static code analysis on C / C++ code
[0.529s] -- Configured cppcheck include dirs: 
[0.529s] -- Configured cppcheck exclude dirs and/or files: 
[0.529s] -- Added test 'lint_cmake' to check CMake code style
[0.529s] -- Added test 'uncrustify' to check C / C++ code style
[0.530s] -- Configured uncrustify additional arguments: 
[0.530s] -- Added test 'xmllint' to check XML markup files
[0.530s] -- Configuring done
[0.531s] -- Generating done
[0.532s] -- Build files have been written to: /workspace/build/cpp_pubsub
[0.534s] Invoked command in '/workspace/build/cpp_pubsub' returned '0': CMAKE_PREFIX_PATH=/opt/ros/humble PROMPT=%F{yellow}[ros2-custom]%f %F{green}%n%f:%F{blue}%~%f$ /usr/bin/cmake /workspace/src/cpp_pubsub -DAMENT_CMAKE_SYMLINK_INSTALL=1 -DCMAKE_INSTALL_PREFIX=/workspace/install/cpp_pubsub
[0.535s] Invoking command in '/workspace/build/cpp_pubsub': CMAKE_PREFIX_PATH=/opt/ros/humble PROMPT=%F{yellow}[ros2-custom]%f %F{green}%n%f:%F{blue}%~%f$ /usr/bin/cmake --build /workspace/build/cpp_pubsub -- -j24 -l24
[0.566s] Invoked command in '/workspace/build/cpp_pubsub' returned '0': CMAKE_PREFIX_PATH=/opt/ros/humble PROMPT=%F{yellow}[ros2-custom]%f %F{green}%n%f:%F{blue}%~%f$ /usr/bin/cmake --build /workspace/build/cpp_pubsub -- -j24 -l24
[0.611s] Invoking command in '/workspace/build/cpp_pubsub': CMAKE_PREFIX_PATH=/opt/ros/humble PROMPT=%F{yellow}[ros2-custom]%f %F{green}%n%f:%F{blue}%~%f$ /usr/bin/cmake --install /workspace/build/cpp_pubsub
[0.626s] -- Install configuration: ""
[0.627s] -- Execute custom install script
[0.627s] -- Symlinking: /workspace/install/cpp_pubsub/share/ament_index/resource_index/package_run_dependencies/cpp_pubsub
[0.639s] -- Symlinking: /workspace/install/cpp_pubsub/share/ament_index/resource_index/parent_prefix_path/cpp_pubsub
[0.645s] -- Symlinking: /workspace/install/cpp_pubsub/share/cpp_pubsub/environment/ament_prefix_path.sh
[0.653s] -- Symlinking: /workspace/install/cpp_pubsub/share/cpp_pubsub/environment/ament_prefix_path.dsv
[0.663s] -- Symlinking: /workspace/install/cpp_pubsub/share/cpp_pubsub/environment/path.sh
[0.671s] -- Symlinking: /workspace/install/cpp_pubsub/share/cpp_pubsub/environment/path.dsv
[0.680s] -- Symlinking: /workspace/install/cpp_pubsub/share/cpp_pubsub/local_setup.bash
[0.695s] -- Symlinking: /workspace/install/cpp_pubsub/share/cpp_pubsub/local_setup.sh
[0.714s] -- Symlinking: /workspace/install/cpp_pubsub/share/cpp_pubsub/local_setup.zsh
[0.724s] -- Symlinking: /workspace/install/cpp_pubsub/share/cpp_pubsub/local_setup.dsv
[0.733s] -- Symlinking: /workspace/install/cpp_pubsub/share/cpp_pubsub/package.dsv
[0.749s] -- Symlinking: /workspace/install/cpp_pubsub/share/ament_index/resource_index/packages/cpp_pubsub
[0.765s] -- Symlinking: /workspace/install/cpp_pubsub/share/cpp_pubsub/cmake/cpp_pubsubConfig.cmake
[0.785s] -- Symlinking: /workspace/install/cpp_pubsub/share/cpp_pubsub/cmake/cpp_pubsubConfig-version.cmake
[0.802s] -- Symlinking: /workspace/install/cpp_pubsub/share/cpp_pubsub/package.xml
[0.820s] Invoked command in '/workspace/build/cpp_pubsub' returned '0': CMAKE_PREFIX_PATH=/opt/ros/humble PROMPT=%F{yellow}[ros2-custom]%f %F{green}%n%f:%F{blue}%~%f$ /usr/bin/cmake --install /workspace/build/cpp_pubsub
