-- Found ament_cmake: 1.3.10 (/opt/ros/humble/share/ament_cmake/cmake)
-- Override CMake install command with custom implementation using symlinks instead of copying resources
-- Found rclcpp: 16.0.10 (/opt/ros/humble/share/rclcpp/cmake)
-- Found rosidl_generator_c: 3.1.5 (/opt/ros/humble/share/rosidl_generator_c/cmake)
-- Found rosidl_adapter: 3.1.5 (/opt/ros/humble/share/rosidl_adapter/cmake)
-- Found rosidl_generator_cpp: 3.1.5 (/opt/ros/humble/share/rosidl_generator_cpp/cmake)
-- Using all available rosidl_typesupport_c: rosidl_typesupport_fastrtps_c;rosidl_typesupport_introspection_c
-- Using all available rosidl_typesupport_cpp: rosidl_typesupport_fastrtps_cpp;rosidl_typesupport_introspection_cpp
-- Found rmw_implementation_cmake: 6.1.2 (/opt/ros/humble/share/rmw_implementation_cmake/cmake)
-- Found rmw_fastrtps_cpp: 6.2.7 (/opt/ros/humble/share/rmw_fastrtps_cpp/cmake)
-- Using RMW implementation 'rmw_fastrtps_cpp' as default
-- Found ament_lint_auto: 0.12.11 (/opt/ros/humble/share/ament_lint_auto/cmake)
-- Added test 'cppcheck' to perform static code analysis on C / C++ code
-- Configured cppcheck include dirs: 
-- Configured cppcheck exclude dirs and/or files: 
-- Added test 'lint_cmake' to check CMake code style
-- Added test 'uncrustify' to check C / C++ code style
-- Configured uncrustify additional arguments: 
-- Added test 'xmllint' to check XML markup files
-- Configuring done
-- Generating done
-- Build files have been written to: /workspace/build/cpp_pubsub
[35m[1mConsolidate compiler generated dependencies of target main[0m
[ 33%] [32mBuilding CXX object CMakeFiles/main.dir/src/publish_member_function.cpp.o[0m
[ 66%] [32mBuilding CXX object CMakeFiles/main.dir/src/main.cpp.o[0m
[100%] [32m[1mLinking CXX executable main[0m
[100%] Built target main
-- Install configuration: ""
-- Execute custom install script
-- Symlinking: /workspace/install/cpp_pubsub/lib/cpp_pubsub/main
-- Up-to-date symlink: /workspace/install/cpp_pubsub/share/ament_index/resource_index/package_run_dependencies/cpp_pubsub
-- Up-to-date symlink: /workspace/install/cpp_pubsub/share/ament_index/resource_index/parent_prefix_path/cpp_pubsub
-- Up-to-date symlink: /workspace/install/cpp_pubsub/share/cpp_pubsub/environment/ament_prefix_path.sh
-- Up-to-date symlink: /workspace/install/cpp_pubsub/share/cpp_pubsub/environment/ament_prefix_path.dsv
-- Up-to-date symlink: /workspace/install/cpp_pubsub/share/cpp_pubsub/environment/path.sh
-- Up-to-date symlink: /workspace/install/cpp_pubsub/share/cpp_pubsub/environment/path.dsv
-- Up-to-date symlink: /workspace/install/cpp_pubsub/share/cpp_pubsub/local_setup.bash
-- Up-to-date symlink: /workspace/install/cpp_pubsub/share/cpp_pubsub/local_setup.sh
-- Up-to-date symlink: /workspace/install/cpp_pubsub/share/cpp_pubsub/local_setup.zsh
-- Up-to-date symlink: /workspace/install/cpp_pubsub/share/cpp_pubsub/local_setup.dsv
-- Symlinking: /workspace/install/cpp_pubsub/share/cpp_pubsub/package.dsv
-- Up-to-date symlink: /workspace/install/cpp_pubsub/share/ament_index/resource_index/packages/cpp_pubsub
-- Up-to-date symlink: /workspace/install/cpp_pubsub/share/cpp_pubsub/cmake/cpp_pubsubConfig.cmake
-- Up-to-date symlink: /workspace/install/cpp_pubsub/share/cpp_pubsub/cmake/cpp_pubsubConfig-version.cmake
-- Up-to-date symlink: /workspace/install/cpp_pubsub/share/cpp_pubsub/package.xml
