[0.006s] Invoking command in '/workspace/build/cpp_pubsub': CMAKE_PREFIX_PATH=/opt/ros/humble PROMPT=%F{yellow}[ros2-custom]%f %F{green}%n%f:%F{blue}%~%f$ /usr/bin/cmake --build /workspace/build/cpp_pubsub -- -j24 -l24
[0.023s] -- Found ament_cmake: 1.3.10 (/opt/ros/humble/share/ament_cmake/cmake)
[0.093s] -- Override CMake install command with custom implementation using symlinks instead of copying resources
[0.096s] -- Found rclcpp: 16.0.10 (/opt/ros/humble/share/rclcpp/cmake)
[0.110s] -- Found rosidl_generator_c: 3.1.5 (/opt/ros/humble/share/rosidl_generator_c/cmake)
[0.111s] -- Found rosidl_adapter: 3.1.5 (/opt/ros/humble/share/rosidl_adapter/cmake)
[0.114s] -- Found rosidl_generator_cpp: 3.1.5 (/opt/ros/humble/share/rosidl_generator_cpp/cmake)
[0.118s] -- Using all available rosidl_typesupport_c: rosidl_typesupport_fastrtps_c;rosidl_typesupport_introspection_c
[0.124s] -- Using all available rosidl_typesupport_cpp: rosidl_typesupport_fastrtps_cpp;rosidl_typesupport_introspection_cpp
[0.140s] -- Found rmw_implementation_cmake: 6.1.2 (/opt/ros/humble/share/rmw_implementation_cmake/cmake)
[0.140s] -- Found rmw_fastrtps_cpp: 6.2.7 (/opt/ros/humble/share/rmw_fastrtps_cpp/cmake)
[0.210s] -- Using RMW implementation 'rmw_fastrtps_cpp' as default
[0.241s] -- Found ament_lint_auto: 0.12.11 (/opt/ros/humble/share/ament_lint_auto/cmake)
[0.276s] -- Added test 'cppcheck' to perform static code analysis on C / C++ code
[0.276s] -- Configured cppcheck include dirs: 
[0.276s] -- Configured cppcheck exclude dirs and/or files: 
[0.276s] -- Added test 'lint_cmake' to check CMake code style
[0.277s] -- Added test 'uncrustify' to check C / C++ code style
[0.277s] -- Configured uncrustify additional arguments: 
[0.277s] -- Added test 'xmllint' to check XML markup files
[0.277s] -- Configuring done
[0.282s] -- Generating done
[0.282s] -- Build files have been written to: /workspace/build/cpp_pubsub
[0.297s] [35m[1mConsolidate compiler generated dependencies of target main[0m
[0.317s] [ 33%] [32mBuilding CXX object CMakeFiles/main.dir/src/publish_member_function.cpp.o[0m
[0.317s] [ 66%] [32mBuilding CXX object CMakeFiles/main.dir/src/main.cpp.o[0m
[2.246s] [100%] [32m[1mLinking CXX executable main[0m
[2.332s] [100%] Built target main
[2.339s] Invoked command in '/workspace/build/cpp_pubsub' returned '0': CMAKE_PREFIX_PATH=/opt/ros/humble PROMPT=%F{yellow}[ros2-custom]%f %F{green}%n%f:%F{blue}%~%f$ /usr/bin/cmake --build /workspace/build/cpp_pubsub -- -j24 -l24
[2.378s] Invoking command in '/workspace/build/cpp_pubsub': CMAKE_PREFIX_PATH=/opt/ros/humble PROMPT=%F{yellow}[ros2-custom]%f %F{green}%n%f:%F{blue}%~%f$ /usr/bin/cmake --install /workspace/build/cpp_pubsub
[2.387s] -- Install configuration: ""
[2.387s] -- Execute custom install script
[2.388s] -- Symlinking: /workspace/install/cpp_pubsub/lib/cpp_pubsub/main
[2.393s] -- Up-to-date symlink: /workspace/install/cpp_pubsub/share/ament_index/resource_index/package_run_dependencies/cpp_pubsub
[2.393s] -- Up-to-date symlink: /workspace/install/cpp_pubsub/share/ament_index/resource_index/parent_prefix_path/cpp_pubsub
[2.393s] -- Up-to-date symlink: /workspace/install/cpp_pubsub/share/cpp_pubsub/environment/ament_prefix_path.sh
[2.393s] -- Up-to-date symlink: /workspace/install/cpp_pubsub/share/cpp_pubsub/environment/ament_prefix_path.dsv
[2.393s] -- Up-to-date symlink: /workspace/install/cpp_pubsub/share/cpp_pubsub/environment/path.sh
[2.394s] -- Up-to-date symlink: /workspace/install/cpp_pubsub/share/cpp_pubsub/environment/path.dsv
[2.394s] -- Up-to-date symlink: /workspace/install/cpp_pubsub/share/cpp_pubsub/local_setup.bash
[2.394s] -- Up-to-date symlink: /workspace/install/cpp_pubsub/share/cpp_pubsub/local_setup.sh
[2.394s] -- Up-to-date symlink: /workspace/install/cpp_pubsub/share/cpp_pubsub/local_setup.zsh
[2.394s] -- Up-to-date symlink: /workspace/install/cpp_pubsub/share/cpp_pubsub/local_setup.dsv
[2.394s] -- Symlinking: /workspace/install/cpp_pubsub/share/cpp_pubsub/package.dsv
[2.399s] -- Up-to-date symlink: /workspace/install/cpp_pubsub/share/ament_index/resource_index/packages/cpp_pubsub
[2.399s] -- Up-to-date symlink: /workspace/install/cpp_pubsub/share/cpp_pubsub/cmake/cpp_pubsubConfig.cmake
[2.399s] -- Up-to-date symlink: /workspace/install/cpp_pubsub/share/cpp_pubsub/cmake/cpp_pubsubConfig-version.cmake
[2.399s] -- Up-to-date symlink: /workspace/install/cpp_pubsub/share/cpp_pubsub/package.xml
[2.400s] Invoked command in '/workspace/build/cpp_pubsub' returned '0': CMAKE_PREFIX_PATH=/opt/ros/humble PROMPT=%F{yellow}[ros2-custom]%f %F{green}%n%f:%F{blue}%~%f$ /usr/bin/cmake --install /workspace/build/cpp_pubsub
