[0.005s] Invoking command in '/workspace/build/cpp_pubsub': CMAKE_PREFIX_PATH=/opt/ros/humble PROMPT=%F{yellow}[ros2-custom]%f %F{green}%n%f:%F{blue}%~%f$ /usr/bin/cmake --build /workspace/build/cpp_pubsub -- -j24 -l24
[0.039s] [35m[1mConsolidate compiler generated dependencies of target talker[0m
[0.067s] [ 50%] [32mBuilding CXX object CMakeFiles/talker.dir/src/publish_member_function.cpp.o[0m
[2.024s] [100%] [32m[1mLinking CXX executable talker[0m
[2.125s] [100%] Built target talker
[2.132s] Invoked command in '/workspace/build/cpp_pubsub' returned '0': CMAKE_PREFIX_PATH=/opt/ros/humble PROMPT=%F{yellow}[ros2-custom]%f %F{green}%n%f:%F{blue}%~%f$ /usr/bin/cmake --build /workspace/build/cpp_pubsub -- -j24 -l24
[2.153s] Invoking command in '/workspace/build/cpp_pubsub': CMAKE_PREFIX_PATH=/opt/ros/humble PROMPT=%F{yellow}[ros2-custom]%f %F{green}%n%f:%F{blue}%~%f$ /usr/bin/cmake --install /workspace/build/cpp_pubsub
[2.161s] -- Install configuration: ""
[2.162s] -- Execute custom install script
[2.162s] -- Symlinking: /workspace/install/cpp_pubsub/lib/cpp_pubsub/talker
[2.174s] -- Up-to-date symlink: /workspace/install/cpp_pubsub/share/ament_index/resource_index/package_run_dependencies/cpp_pubsub
[2.174s] -- Up-to-date symlink: /workspace/install/cpp_pubsub/share/ament_index/resource_index/parent_prefix_path/cpp_pubsub
[2.174s] -- Up-to-date symlink: /workspace/install/cpp_pubsub/share/cpp_pubsub/environment/ament_prefix_path.sh
[2.174s] -- Up-to-date symlink: /workspace/install/cpp_pubsub/share/cpp_pubsub/environment/ament_prefix_path.dsv
[2.174s] -- Up-to-date symlink: /workspace/install/cpp_pubsub/share/cpp_pubsub/environment/path.sh
[2.174s] -- Up-to-date symlink: /workspace/install/cpp_pubsub/share/cpp_pubsub/environment/path.dsv
[2.175s] -- Up-to-date symlink: /workspace/install/cpp_pubsub/share/cpp_pubsub/local_setup.bash
[2.175s] -- Up-to-date symlink: /workspace/install/cpp_pubsub/share/cpp_pubsub/local_setup.sh
[2.175s] -- Up-to-date symlink: /workspace/install/cpp_pubsub/share/cpp_pubsub/local_setup.zsh
[2.175s] -- Up-to-date symlink: /workspace/install/cpp_pubsub/share/cpp_pubsub/local_setup.dsv
[2.175s] -- Symlinking: /workspace/install/cpp_pubsub/share/cpp_pubsub/package.dsv
[2.186s] -- Up-to-date symlink: /workspace/install/cpp_pubsub/share/ament_index/resource_index/packages/cpp_pubsub
[2.187s] -- Up-to-date symlink: /workspace/install/cpp_pubsub/share/cpp_pubsub/cmake/cpp_pubsubConfig.cmake
[2.187s] -- Up-to-date symlink: /workspace/install/cpp_pubsub/share/cpp_pubsub/cmake/cpp_pubsubConfig-version.cmake
[2.187s] -- Up-to-date symlink: /workspace/install/cpp_pubsub/share/cpp_pubsub/package.xml
[2.188s] Invoked command in '/workspace/build/cpp_pubsub' returned '0': CMAKE_PREFIX_PATH=/opt/ros/humble PROMPT=%F{yellow}[ros2-custom]%f %F{green}%n%f:%F{blue}%~%f$ /usr/bin/cmake --install /workspace/build/cpp_pubsub
