[35m[1mConsolidate compiler generated dependencies of target main[0m
[ 33%] [32mBuilding CXX object CMakeFiles/main.dir/src/publish_member_function.cpp.o[0m
[ 66%] [32m[1mLinking CXX executable main[0m
[100%] Built target main
-- Install configuration: ""
-- Execute custom install script
-- Up-to-date symlink: /workspace/install/cpp_pubsub/lib/cpp_pubsub/main
-- Up-to-date symlink: /workspace/install/cpp_pubsub/share/ament_index/resource_index/package_run_dependencies/cpp_pubsub
-- Up-to-date symlink: /workspace/install/cpp_pubsub/share/ament_index/resource_index/parent_prefix_path/cpp_pubsub
-- Up-to-date symlink: /workspace/install/cpp_pubsub/share/cpp_pubsub/environment/ament_prefix_path.sh
-- Up-to-date symlink: /workspace/install/cpp_pubsub/share/cpp_pubsub/environment/ament_prefix_path.dsv
-- Up-to-date symlink: /workspace/install/cpp_pubsub/share/cpp_pubsub/environment/path.sh
-- Up-to-date symlink: /workspace/install/cpp_pubsub/share/cpp_pubsub/environment/path.dsv
-- Up-to-date symlink: /workspace/install/cpp_pubsub/share/cpp_pubsub/local_setup.bash
-- Up-to-date symlink: /workspace/install/cpp_pubsub/share/cpp_pubsub/local_setup.sh
-- Up-to-date symlink: /workspace/install/cpp_pubsub/share/cpp_pubsub/local_setup.zsh
-- Up-to-date symlink: /workspace/install/cpp_pubsub/share/cpp_pubsub/local_setup.dsv
-- Symlinking: /workspace/install/cpp_pubsub/share/cpp_pubsub/package.dsv
-- Up-to-date symlink: /workspace/install/cpp_pubsub/share/ament_index/resource_index/packages/cpp_pubsub
-- Up-to-date symlink: /workspace/install/cpp_pubsub/share/cpp_pubsub/cmake/cpp_pubsubConfig.cmake
-- Up-to-date symlink: /workspace/install/cpp_pubsub/share/cpp_pubsub/cmake/cpp_pubsubConfig-version.cmake
-- Up-to-date symlink: /workspace/install/cpp_pubsub/share/cpp_pubsub/package.xml
