[0.007s] Invoking command in '/workspace/build/cpp_pubsub': CMAKE_PREFIX_PATH=${CMAKE_PREFIX_PATH}:/opt/ros/humble PROMPT=%F{yellow}[ros2-custom]%f %F{green}%n%f:%F{blue}%~%f$ /usr/bin/cmake --build /workspace/build/cpp_pubsub -- -j24 -l24
[0.038s] [35m[1mConsolidate compiler generated dependencies of target main[0m
[0.070s] [ 33%] [32mBuilding CXX object CMakeFiles/main.dir/src/publish_member_function.cpp.o[0m
[1.997s] [ 66%] [32m[1mLinking CXX executable main[0m
[2.091s] [100%] Built target main
[2.096s] Invoked command in '/workspace/build/cpp_pubsub' returned '0': CMAKE_PREFIX_PATH=${CMAKE_PREFIX_PATH}:/opt/ros/humble PROMPT=%F{yellow}[ros2-custom]%f %F{green}%n%f:%F{blue}%~%f$ /usr/bin/cmake --build /workspace/build/cpp_pubsub -- -j24 -l24
[2.131s] Invoking command in '/workspace/build/cpp_pubsub': CMAKE_PREFIX_PATH=${CMAKE_PREFIX_PATH}:/opt/ros/humble PROMPT=%F{yellow}[ros2-custom]%f %F{green}%n%f:%F{blue}%~%f$ /usr/bin/cmake --install /workspace/build/cpp_pubsub
[2.142s] -- Install configuration: ""
[2.142s] -- Execute custom install script
[2.143s] -- Up-to-date symlink: /workspace/install/cpp_pubsub/lib/cpp_pubsub/main
[2.143s] -- Up-to-date symlink: /workspace/install/cpp_pubsub/share/ament_index/resource_index/package_run_dependencies/cpp_pubsub
[2.143s] -- Up-to-date symlink: /workspace/install/cpp_pubsub/share/ament_index/resource_index/parent_prefix_path/cpp_pubsub
[2.143s] -- Up-to-date symlink: /workspace/install/cpp_pubsub/share/cpp_pubsub/environment/ament_prefix_path.sh
[2.144s] -- Up-to-date symlink: /workspace/install/cpp_pubsub/share/cpp_pubsub/environment/ament_prefix_path.dsv
[2.144s] -- Up-to-date symlink: /workspace/install/cpp_pubsub/share/cpp_pubsub/environment/path.sh
[2.144s] -- Up-to-date symlink: /workspace/install/cpp_pubsub/share/cpp_pubsub/environment/path.dsv
[2.145s] -- Up-to-date symlink: /workspace/install/cpp_pubsub/share/cpp_pubsub/local_setup.bash
[2.145s] -- Up-to-date symlink: /workspace/install/cpp_pubsub/share/cpp_pubsub/local_setup.sh
[2.145s] -- Up-to-date symlink: /workspace/install/cpp_pubsub/share/cpp_pubsub/local_setup.zsh
[2.145s] -- Up-to-date symlink: /workspace/install/cpp_pubsub/share/cpp_pubsub/local_setup.dsv
[2.145s] -- Symlinking: /workspace/install/cpp_pubsub/share/cpp_pubsub/package.dsv
[2.154s] -- Up-to-date symlink: /workspace/install/cpp_pubsub/share/ament_index/resource_index/packages/cpp_pubsub
[2.154s] -- Up-to-date symlink: /workspace/install/cpp_pubsub/share/cpp_pubsub/cmake/cpp_pubsubConfig.cmake
[2.154s] -- Up-to-date symlink: /workspace/install/cpp_pubsub/share/cpp_pubsub/cmake/cpp_pubsubConfig-version.cmake
[2.154s] -- Up-to-date symlink: /workspace/install/cpp_pubsub/share/cpp_pubsub/package.xml
[2.156s] Invoked command in '/workspace/build/cpp_pubsub' returned '0': CMAKE_PREFIX_PATH=${CMAKE_PREFIX_PATH}:/opt/ros/humble PROMPT=%F{yellow}[ros2-custom]%f %F{green}%n%f:%F{blue}%~%f$ /usr/bin/cmake --install /workspace/build/cpp_pubsub
